<?xml version="1.0" encoding="UTF-8"?>
<!-- Generated by org.testng.reporters.JUnitXMLReporter -->
<testsuite hostname="YUVA-PC" ignored="0" name="Test" tests="3" failures="0" timestamp="10 Feb 2020 12:43:25 GMT" time="89.716" errors="0">
  <testcase name="basePagenavigation" time="1.007" classname="framework.validateNavigationtabs"/>
  <testcase name="basePagenavigation" time="17.879" classname="framework.validateTitle"/>
  <testcase name="basePagenavigation" time="8.655" classname="framework.HomePage"/>
</testsuite> <!-- Test -->
